Linked: (/home/ykha/catkin_ws_hydro/devel/.private/learning_actionlib/lib/python2.7/dist-packages/learning_actionlib/__init__.py, /home/ykha/catkin_ws_hydro/devel/lib/python2.7/dist-packages/learning_actionlib/__init__.py)
Linked: (/home/ykha/catkin_ws_hydro/devel/.private/learning_actionlib/lib/python2.7/dist-packages/learning_actionlib/msg/__init__.py, /home/ykha/catkin_ws_hydro/devel/lib/python2.7/dist-packages/learning_actionlib/msg/__init__.py)
Linked: (/home/ykha/catkin_ws_hydro/devel/.private/learning_actionlib/lib/python2.7/dist-packages/learning_actionlib/msg/_AveragingGoal.py, /home/ykha/catkin_ws_hydro/devel/lib/python2.7/dist-packages/learning_actionlib/msg/_AveragingGoal.py)
Linked: (/home/ykha/catkin_ws_hydro/devel/.private/learning_actionlib/lib/python2.7/dist-packages/learning_actionlib/msg/_AveragingActionFeedback.py, /home/ykha/catkin_ws_hydro/devel/lib/python2.7/dist-packages/learning_actionlib/msg/_AveragingActionFeedback.py)
Linked: (/home/ykha/catkin_ws_hydro/devel/.private/learning_actionlib/lib/python2.7/dist-packages/learning_actionlib/msg/_AveragingResult.py, /home/ykha/catkin_ws_hydro/devel/lib/python2.7/dist-packages/learning_actionlib/msg/_AveragingResult.py)
Linked: (/home/ykha/catkin_ws_hydro/devel/.private/learning_actionlib/lib/python2.7/dist-packages/learning_actionlib/msg/_AveragingActionResult.py, /home/ykha/catkin_ws_hydro/devel/lib/python2.7/dist-packages/learning_actionlib/msg/_AveragingActionResult.py)
Linked: (/home/ykha/catkin_ws_hydro/devel/.private/learning_actionlib/lib/python2.7/dist-packages/learning_actionlib/msg/_FibonacciGoal.py, /home/ykha/catkin_ws_hydro/devel/lib/python2.7/dist-packages/learning_actionlib/msg/_FibonacciGoal.py)
Linked: (/home/ykha/catkin_ws_hydro/devel/.private/learning_actionlib/lib/python2.7/dist-packages/learning_actionlib/msg/_FibonacciResult.py, /home/ykha/catkin_ws_hydro/devel/lib/python2.7/dist-packages/learning_actionlib/msg/_FibonacciResult.py)
Linked: (/home/ykha/catkin_ws_hydro/devel/.private/learning_actionlib/lib/python2.7/dist-packages/learning_actionlib/msg/_FibonacciActionFeedback.py, /home/ykha/catkin_ws_hydro/devel/lib/python2.7/dist-packages/learning_actionlib/msg/_FibonacciActionFeedback.py)
Linked: (/home/ykha/catkin_ws_hydro/devel/.private/learning_actionlib/lib/python2.7/dist-packages/learning_actionlib/msg/_FibonacciActionResult.py, /home/ykha/catkin_ws_hydro/devel/lib/python2.7/dist-packages/learning_actionlib/msg/_FibonacciActionResult.py)
Linked: (/home/ykha/catkin_ws_hydro/devel/.private/learning_actionlib/lib/python2.7/dist-packages/learning_actionlib/msg/_FibonacciAction.py, /home/ykha/catkin_ws_hydro/devel/lib/python2.7/dist-packages/learning_actionlib/msg/_FibonacciAction.py)
Linked: (/home/ykha/catkin_ws_hydro/devel/.private/learning_actionlib/lib/python2.7/dist-packages/learning_actionlib/msg/_AveragingFeedback.py, /home/ykha/catkin_ws_hydro/devel/lib/python2.7/dist-packages/learning_actionlib/msg/_AveragingFeedback.py)
Linked: (/home/ykha/catkin_ws_hydro/devel/.private/learning_actionlib/lib/python2.7/dist-packages/learning_actionlib/msg/_FibonacciFeedback.py, /home/ykha/catkin_ws_hydro/devel/lib/python2.7/dist-packages/learning_actionlib/msg/_FibonacciFeedback.py)
Linked: (/home/ykha/catkin_ws_hydro/devel/.private/learning_actionlib/lib/python2.7/dist-packages/learning_actionlib/msg/_AveragingActionGoal.py, /home/ykha/catkin_ws_hydro/devel/lib/python2.7/dist-packages/learning_actionlib/msg/_AveragingActionGoal.py)
Linked: (/home/ykha/catkin_ws_hydro/devel/.private/learning_actionlib/lib/python2.7/dist-packages/learning_actionlib/msg/_FibonacciActionGoal.py, /home/ykha/catkin_ws_hydro/devel/lib/python2.7/dist-packages/learning_actionlib/msg/_FibonacciActionGoal.py)
Linked: (/home/ykha/catkin_ws_hydro/devel/.private/learning_actionlib/lib/python2.7/dist-packages/learning_actionlib/msg/_AveragingAction.py, /home/ykha/catkin_ws_hydro/devel/lib/python2.7/dist-packages/learning_actionlib/msg/_AveragingAction.py)
Linked: (/home/ykha/catkin_ws_hydro/devel/.private/learning_actionlib/lib/learning_actionlib/fibonacci_client, /home/ykha/catkin_ws_hydro/devel/lib/learning_actionlib/fibonacci_client)
Linked: (/home/ykha/catkin_ws_hydro/devel/.private/learning_actionlib/lib/learning_actionlib/fibonacci_server, /home/ykha/catkin_ws_hydro/devel/lib/learning_actionlib/fibonacci_server)
Linked: (/home/ykha/catkin_ws_hydro/devel/.private/learning_actionlib/lib/pkgconfig/learning_actionlib.pc, /home/ykha/catkin_ws_hydro/devel/lib/pkgconfig/learning_actionlib.pc)
Linked: (/home/ykha/catkin_ws_hydro/devel/.private/learning_actionlib/share/common-lisp/ros/learning_actionlib/msg/_package_AveragingActionFeedback.lisp, /home/ykha/catkin_ws_hydro/devel/share/common-lisp/ros/learning_actionlib/msg/_package_AveragingActionFeedback.lisp)
Linked: (/home/ykha/catkin_ws_hydro/devel/.private/learning_actionlib/share/common-lisp/ros/learning_actionlib/msg/FibonacciActionFeedback.lisp, /home/ykha/catkin_ws_hydro/devel/share/common-lisp/ros/learning_actionlib/msg/FibonacciActionFeedback.lisp)
Linked: (/home/ykha/catkin_ws_hydro/devel/.private/learning_actionlib/share/common-lisp/ros/learning_actionlib/msg/_package_AveragingGoal.lisp, /home/ykha/catkin_ws_hydro/devel/share/common-lisp/ros/learning_actionlib/msg/_package_AveragingGoal.lisp)
Linked: (/home/ykha/catkin_ws_hydro/devel/.private/learning_actionlib/share/common-lisp/ros/learning_actionlib/msg/FibonacciResult.lisp, /home/ykha/catkin_ws_hydro/devel/share/common-lisp/ros/learning_actionlib/msg/FibonacciResult.lisp)
Linked: (/home/ykha/catkin_ws_hydro/devel/.private/learning_actionlib/share/common-lisp/ros/learning_actionlib/msg/_package_FibonacciGoal.lisp, /home/ykha/catkin_ws_hydro/devel/share/common-lisp/ros/learning_actionlib/msg/_package_FibonacciGoal.lisp)
Linked: (/home/ykha/catkin_ws_hydro/devel/.private/learning_actionlib/share/common-lisp/ros/learning_actionlib/msg/_package_FibonacciFeedback.lisp, /home/ykha/catkin_ws_hydro/devel/share/common-lisp/ros/learning_actionlib/msg/_package_FibonacciFeedback.lisp)
Linked: (/home/ykha/catkin_ws_hydro/devel/.private/learning_actionlib/share/common-lisp/ros/learning_actionlib/msg/_package_AveragingResult.lisp, /home/ykha/catkin_ws_hydro/devel/share/common-lisp/ros/learning_actionlib/msg/_package_AveragingResult.lisp)
Linked: (/home/ykha/catkin_ws_hydro/devel/.private/learning_actionlib/share/common-lisp/ros/learning_actionlib/msg/_package_FibonacciAction.lisp, /home/ykha/catkin_ws_hydro/devel/share/common-lisp/ros/learning_actionlib/msg/_package_FibonacciAction.lisp)
Linked: (/home/ykha/catkin_ws_hydro/devel/.private/learning_actionlib/share/common-lisp/ros/learning_actionlib/msg/FibonacciActionGoal.lisp, /home/ykha/catkin_ws_hydro/devel/share/common-lisp/ros/learning_actionlib/msg/FibonacciActionGoal.lisp)
Linked: (/home/ykha/catkin_ws_hydro/devel/.private/learning_actionlib/share/common-lisp/ros/learning_actionlib/msg/_package_AveragingAction.lisp, /home/ykha/catkin_ws_hydro/devel/share/common-lisp/ros/learning_actionlib/msg/_package_AveragingAction.lisp)
Linked: (/home/ykha/catkin_ws_hydro/devel/.private/learning_actionlib/share/common-lisp/ros/learning_actionlib/msg/_package.lisp, /home/ykha/catkin_ws_hydro/devel/share/common-lisp/ros/learning_actionlib/msg/_package.lisp)
Linked: (/home/ykha/catkin_ws_hydro/devel/.private/learning_actionlib/share/common-lisp/ros/learning_actionlib/msg/_package_FibonacciActionFeedback.lisp, /home/ykha/catkin_ws_hydro/devel/share/common-lisp/ros/learning_actionlib/msg/_package_FibonacciActionFeedback.lisp)
Linked: (/home/ykha/catkin_ws_hydro/devel/.private/learning_actionlib/share/common-lisp/ros/learning_actionlib/msg/FibonacciAction.lisp, /home/ykha/catkin_ws_hydro/devel/share/common-lisp/ros/learning_actionlib/msg/FibonacciAction.lisp)
Linked: (/home/ykha/catkin_ws_hydro/devel/.private/learning_actionlib/share/common-lisp/ros/learning_actionlib/msg/FibonacciFeedback.lisp, /home/ykha/catkin_ws_hydro/devel/share/common-lisp/ros/learning_actionlib/msg/FibonacciFeedback.lisp)
Linked: (/home/ykha/catkin_ws_hydro/devel/.private/learning_actionlib/share/common-lisp/ros/learning_actionlib/msg/AveragingResult.lisp, /home/ykha/catkin_ws_hydro/devel/share/common-lisp/ros/learning_actionlib/msg/AveragingResult.lisp)
Linked: (/home/ykha/catkin_ws_hydro/devel/.private/learning_actionlib/share/common-lisp/ros/learning_actionlib/msg/_package_FibonacciResult.lisp, /home/ykha/catkin_ws_hydro/devel/share/common-lisp/ros/learning_actionlib/msg/_package_FibonacciResult.lisp)
Linked: (/home/ykha/catkin_ws_hydro/devel/.private/learning_actionlib/share/common-lisp/ros/learning_actionlib/msg/learning_actionlib-msg.asd, /home/ykha/catkin_ws_hydro/devel/share/common-lisp/ros/learning_actionlib/msg/learning_actionlib-msg.asd)
Linked: (/home/ykha/catkin_ws_hydro/devel/.private/learning_actionlib/share/common-lisp/ros/learning_actionlib/msg/AveragingAction.lisp, /home/ykha/catkin_ws_hydro/devel/share/common-lisp/ros/learning_actionlib/msg/AveragingAction.lisp)
Linked: (/home/ykha/catkin_ws_hydro/devel/.private/learning_actionlib/share/common-lisp/ros/learning_actionlib/msg/AveragingActionGoal.lisp, /home/ykha/catkin_ws_hydro/devel/share/common-lisp/ros/learning_actionlib/msg/AveragingActionGoal.lisp)
Linked: (/home/ykha/catkin_ws_hydro/devel/.private/learning_actionlib/share/common-lisp/ros/learning_actionlib/msg/_package_FibonacciActionGoal.lisp, /home/ykha/catkin_ws_hydro/devel/share/common-lisp/ros/learning_actionlib/msg/_package_FibonacciActionGoal.lisp)
Linked: (/home/ykha/catkin_ws_hydro/devel/.private/learning_actionlib/share/common-lisp/ros/learning_actionlib/msg/_package_AveragingActionResult.lisp, /home/ykha/catkin_ws_hydro/devel/share/common-lisp/ros/learning_actionlib/msg/_package_AveragingActionResult.lisp)
Linked: (/home/ykha/catkin_ws_hydro/devel/.private/learning_actionlib/share/common-lisp/ros/learning_actionlib/msg/FibonacciGoal.lisp, /home/ykha/catkin_ws_hydro/devel/share/common-lisp/ros/learning_actionlib/msg/FibonacciGoal.lisp)
Linked: (/home/ykha/catkin_ws_hydro/devel/.private/learning_actionlib/share/common-lisp/ros/learning_actionlib/msg/_package_AveragingFeedback.lisp, /home/ykha/catkin_ws_hydro/devel/share/common-lisp/ros/learning_actionlib/msg/_package_AveragingFeedback.lisp)
Linked: (/home/ykha/catkin_ws_hydro/devel/.private/learning_actionlib/share/common-lisp/ros/learning_actionlib/msg/_package_FibonacciActionResult.lisp, /home/ykha/catkin_ws_hydro/devel/share/common-lisp/ros/learning_actionlib/msg/_package_FibonacciActionResult.lisp)
Linked: (/home/ykha/catkin_ws_hydro/devel/.private/learning_actionlib/share/common-lisp/ros/learning_actionlib/msg/FibonacciActionResult.lisp, /home/ykha/catkin_ws_hydro/devel/share/common-lisp/ros/learning_actionlib/msg/FibonacciActionResult.lisp)
Linked: (/home/ykha/catkin_ws_hydro/devel/.private/learning_actionlib/share/common-lisp/ros/learning_actionlib/msg/_package_AveragingActionGoal.lisp, /home/ykha/catkin_ws_hydro/devel/share/common-lisp/ros/learning_actionlib/msg/_package_AveragingActionGoal.lisp)
Linked: (/home/ykha/catkin_ws_hydro/devel/.private/learning_actionlib/share/common-lisp/ros/learning_actionlib/msg/AveragingGoal.lisp, /home/ykha/catkin_ws_hydro/devel/share/common-lisp/ros/learning_actionlib/msg/AveragingGoal.lisp)
Linked: (/home/ykha/catkin_ws_hydro/devel/.private/learning_actionlib/share/common-lisp/ros/learning_actionlib/msg/AveragingFeedback.lisp, /home/ykha/catkin_ws_hydro/devel/share/common-lisp/ros/learning_actionlib/msg/AveragingFeedback.lisp)
Linked: (/home/ykha/catkin_ws_hydro/devel/.private/learning_actionlib/share/common-lisp/ros/learning_actionlib/msg/AveragingActionResult.lisp, /home/ykha/catkin_ws_hydro/devel/share/common-lisp/ros/learning_actionlib/msg/AveragingActionResult.lisp)
Linked: (/home/ykha/catkin_ws_hydro/devel/.private/learning_actionlib/share/common-lisp/ros/learning_actionlib/msg/AveragingActionFeedback.lisp, /home/ykha/catkin_ws_hydro/devel/share/common-lisp/ros/learning_actionlib/msg/AveragingActionFeedback.lisp)
Linked: (/home/ykha/catkin_ws_hydro/devel/.private/learning_actionlib/share/learning_actionlib/msg/AveragingAction.msg, /home/ykha/catkin_ws_hydro/devel/share/learning_actionlib/msg/AveragingAction.msg)
Linked: (/home/ykha/catkin_ws_hydro/devel/.private/learning_actionlib/share/learning_actionlib/msg/FibonacciResult.msg, /home/ykha/catkin_ws_hydro/devel/share/learning_actionlib/msg/FibonacciResult.msg)
Linked: (/home/ykha/catkin_ws_hydro/devel/.private/learning_actionlib/share/learning_actionlib/msg/FibonacciActionResult.msg, /home/ykha/catkin_ws_hydro/devel/share/learning_actionlib/msg/FibonacciActionResult.msg)
Linked: (/home/ykha/catkin_ws_hydro/devel/.private/learning_actionlib/share/learning_actionlib/msg/AveragingActionResult.msg, /home/ykha/catkin_ws_hydro/devel/share/learning_actionlib/msg/AveragingActionResult.msg)
Linked: (/home/ykha/catkin_ws_hydro/devel/.private/learning_actionlib/share/learning_actionlib/msg/FibonacciFeedback.msg, /home/ykha/catkin_ws_hydro/devel/share/learning_actionlib/msg/FibonacciFeedback.msg)
Linked: (/home/ykha/catkin_ws_hydro/devel/.private/learning_actionlib/share/learning_actionlib/msg/AveragingActionGoal.msg, /home/ykha/catkin_ws_hydro/devel/share/learning_actionlib/msg/AveragingActionGoal.msg)
Linked: (/home/ykha/catkin_ws_hydro/devel/.private/learning_actionlib/share/learning_actionlib/msg/AveragingResult.msg, /home/ykha/catkin_ws_hydro/devel/share/learning_actionlib/msg/AveragingResult.msg)
Linked: (/home/ykha/catkin_ws_hydro/devel/.private/learning_actionlib/share/learning_actionlib/msg/AveragingFeedback.msg, /home/ykha/catkin_ws_hydro/devel/share/learning_actionlib/msg/AveragingFeedback.msg)
Linked: (/home/ykha/catkin_ws_hydro/devel/.private/learning_actionlib/share/learning_actionlib/msg/AveragingGoal.msg, /home/ykha/catkin_ws_hydro/devel/share/learning_actionlib/msg/AveragingGoal.msg)
Linked: (/home/ykha/catkin_ws_hydro/devel/.private/learning_actionlib/share/learning_actionlib/msg/FibonacciActionFeedback.msg, /home/ykha/catkin_ws_hydro/devel/share/learning_actionlib/msg/FibonacciActionFeedback.msg)
Linked: (/home/ykha/catkin_ws_hydro/devel/.private/learning_actionlib/share/learning_actionlib/msg/AveragingActionFeedback.msg, /home/ykha/catkin_ws_hydro/devel/share/learning_actionlib/msg/AveragingActionFeedback.msg)
Linked: (/home/ykha/catkin_ws_hydro/devel/.private/learning_actionlib/share/learning_actionlib/msg/FibonacciGoal.msg, /home/ykha/catkin_ws_hydro/devel/share/learning_actionlib/msg/FibonacciGoal.msg)
Linked: (/home/ykha/catkin_ws_hydro/devel/.private/learning_actionlib/share/learning_actionlib/msg/FibonacciActionGoal.msg, /home/ykha/catkin_ws_hydro/devel/share/learning_actionlib/msg/FibonacciActionGoal.msg)
Linked: (/home/ykha/catkin_ws_hydro/devel/.private/learning_actionlib/share/learning_actionlib/msg/FibonacciAction.msg, /home/ykha/catkin_ws_hydro/devel/share/learning_actionlib/msg/FibonacciAction.msg)
Linked: (/home/ykha/catkin_ws_hydro/devel/.private/learning_actionlib/share/learning_actionlib/cmake/learning_actionlibConfig-version.cmake, /home/ykha/catkin_ws_hydro/devel/share/learning_actionlib/cmake/learning_actionlibConfig-version.cmake)
Linked: (/home/ykha/catkin_ws_hydro/devel/.private/learning_actionlib/share/learning_actionlib/cmake/learning_actionlibConfig.cmake, /home/ykha/catkin_ws_hydro/devel/share/learning_actionlib/cmake/learning_actionlibConfig.cmake)
Linked: (/home/ykha/catkin_ws_hydro/devel/.private/learning_actionlib/share/learning_actionlib/cmake/learning_actionlib-msg-extras.cmake, /home/ykha/catkin_ws_hydro/devel/share/learning_actionlib/cmake/learning_actionlib-msg-extras.cmake)
Linked: (/home/ykha/catkin_ws_hydro/devel/.private/learning_actionlib/share/learning_actionlib/cmake/learning_actionlib-msg-paths.cmake, /home/ykha/catkin_ws_hydro/devel/share/learning_actionlib/cmake/learning_actionlib-msg-paths.cmake)
Linked: (/home/ykha/catkin_ws_hydro/devel/.private/learning_actionlib/include/learning_actionlib/FibonacciActionFeedback.h, /home/ykha/catkin_ws_hydro/devel/include/learning_actionlib/FibonacciActionFeedback.h)
Linked: (/home/ykha/catkin_ws_hydro/devel/.private/learning_actionlib/include/learning_actionlib/AveragingResult.h, /home/ykha/catkin_ws_hydro/devel/include/learning_actionlib/AveragingResult.h)
Linked: (/home/ykha/catkin_ws_hydro/devel/.private/learning_actionlib/include/learning_actionlib/AveragingActionGoal.h, /home/ykha/catkin_ws_hydro/devel/include/learning_actionlib/AveragingActionGoal.h)
Linked: (/home/ykha/catkin_ws_hydro/devel/.private/learning_actionlib/include/learning_actionlib/AveragingFeedback.h, /home/ykha/catkin_ws_hydro/devel/include/learning_actionlib/AveragingFeedback.h)
Linked: (/home/ykha/catkin_ws_hydro/devel/.private/learning_actionlib/include/learning_actionlib/FibonacciResult.h, /home/ykha/catkin_ws_hydro/devel/include/learning_actionlib/FibonacciResult.h)
Linked: (/home/ykha/catkin_ws_hydro/devel/.private/learning_actionlib/include/learning_actionlib/FibonacciActionGoal.h, /home/ykha/catkin_ws_hydro/devel/include/learning_actionlib/FibonacciActionGoal.h)
Linked: (/home/ykha/catkin_ws_hydro/devel/.private/learning_actionlib/include/learning_actionlib/FibonacciFeedback.h, /home/ykha/catkin_ws_hydro/devel/include/learning_actionlib/FibonacciFeedback.h)
Linked: (/home/ykha/catkin_ws_hydro/devel/.private/learning_actionlib/include/learning_actionlib/FibonacciAction.h, /home/ykha/catkin_ws_hydro/devel/include/learning_actionlib/FibonacciAction.h)
Linked: (/home/ykha/catkin_ws_hydro/devel/.private/learning_actionlib/include/learning_actionlib/AveragingGoal.h, /home/ykha/catkin_ws_hydro/devel/include/learning_actionlib/AveragingGoal.h)
Linked: (/home/ykha/catkin_ws_hydro/devel/.private/learning_actionlib/include/learning_actionlib/AveragingAction.h, /home/ykha/catkin_ws_hydro/devel/include/learning_actionlib/AveragingAction.h)
Linked: (/home/ykha/catkin_ws_hydro/devel/.private/learning_actionlib/include/learning_actionlib/AveragingActionFeedback.h, /home/ykha/catkin_ws_hydro/devel/include/learning_actionlib/AveragingActionFeedback.h)
Linked: (/home/ykha/catkin_ws_hydro/devel/.private/learning_actionlib/include/learning_actionlib/FibonacciGoal.h, /home/ykha/catkin_ws_hydro/devel/include/learning_actionlib/FibonacciGoal.h)
Linked: (/home/ykha/catkin_ws_hydro/devel/.private/learning_actionlib/include/learning_actionlib/FibonacciActionResult.h, /home/ykha/catkin_ws_hydro/devel/include/learning_actionlib/FibonacciActionResult.h)
Linked: (/home/ykha/catkin_ws_hydro/devel/.private/learning_actionlib/include/learning_actionlib/AveragingActionResult.h, /home/ykha/catkin_ws_hydro/devel/include/learning_actionlib/AveragingActionResult.h)
