[36m--[0m Using CATKIN_DEVEL_PREFIX: /home/ykha/catkin_ws_hydro/devel/.private/image_converter
[36m--[0m Using CMAKE_PREFIX_PATH: /home/ykha/catkin_ws_hydro/devel;/opt/ros/hydro
[36m--[0m This workspace overlays: /home/ykha/catkin_ws_hydro/devel;/opt/ros/hydro
[36m--[0m Using PYTHON_EXECUTABLE: /usr/bin/python
[36m--[0m Python version: 2.7
[36m--[0m Using Debian Python package layout
[36m--[0m Using CATKIN_ENABLE_TESTING: ON
[36m--[0m Call enable_testing()
[36m--[0m Using CATKIN_TEST_RESULTS_DIR: /home/ykha/catkin_ws_hydro/build/image_converter/test_results
[36m--[0m Found gtest sources under '/usr/src/gtest': gtests will be built
[36m--[0m catkin 0.5.90
[31m[1mCMake Error[0m at /opt/ros/hydro/share/catkin/cmake/catkinConfig.cmake:75 (find_package):
  Could not find a configuration file for package opencv.

  Set opencv_DIR to the directory containing a CMake configuration file for
  opencv.  The file will have one of the following names:

    opencvConfig.cmake
    opencv-config.cmake

[36mCall Stack (most recent call first):[0m
  CMakeLists.txt:7 (find_package)


[36m--[0m Configuring incomplete, errors occurred!
make: *** [cmake_check_build_system] Error 1
